creating shader from vs_light.glsl...
shader compiled. index 1
creating shader from fs-distance.glsl...
shader compiled. index 2
created programme 3. attaching shaders 1 and 2...
program 3 GL_VALIDATE_STATUS = GL_TRUE
creating shader from vs_light.glsl...
shader compiled. index 1
creating shader from fs-distance.glsl...
shader compiled. index 2
created programme 3. attaching shaders 1 and 2...
program 3 GL_VALIDATE_STATUS = GL_TRUE
creating shader from vs_light.glsl...
shader compiled. index 1
creating shader from fs-spotlight.glsl...
shader compiled. index 2
created programme 3. attaching shaders 1 and 2...
program 3 GL_VALIDATE_STATUS = GL_TRUE
creating shader from vs_light.glsl...
shader compiled. index 1
creating shader from fs-spotlight.glsl...
shader compiled. index 2
created programme 3. attaching shaders 1 and 2...
program 3 GL_VALIDATE_STATUS = GL_TRUE
creating shader from vs_light.glsl...
shader compiled. index 1
creating shader from fs-spotlight.glsl...
shader compiled. index 2
created programme 3. attaching shaders 1 and 2...
program 3 GL_VALIDATE_STATUS = GL_TRUE
creating shader from vs_light.glsl...
shader compiled. index 1
creating shader from fs-spotlight.glsl...
shader compiled. index 2
created programme 3. attaching shaders 1 and 2...
program 3 GL_VALIDATE_STATUS = GL_TRUE
creating shader from vs_light.glsl...
shader compiled. index 1
creating shader from fs-spotlight.glsl...
shader compiled. index 2
created programme 3. attaching shaders 1 and 2...
program 3 GL_VALIDATE_STATUS = GL_TRUE
creating shader from vs_light.glsl...
shader compiled. index 1
creating shader from fs-spotlight.glsl...
shader compiled. index 2
created programme 3. attaching shaders 1 and 2...
program 3 GL_VALIDATE_STATUS = GL_TRUE
creating shader from vs_light.glsl...
shader compiled. index 1
creating shader from fs-spotlight.glsl...
shader compiled. index 2
created programme 3. attaching shaders 1 and 2...
program 3 GL_VALIDATE_STATUS = GL_TRUE
creating shader from vs_light.glsl...
shader compiled. index 1
creating shader from fs-spotlight.glsl...
shader compiled. index 2
created programme 3. attaching shaders 1 and 2...
program 3 GL_VALIDATE_STATUS = GL_TRUE
creating shader from vs_light.glsl...
shader compiled. index 1
creating shader from fs-spotlight.glsl...
shader compiled. index 2
created programme 3. attaching shaders 1 and 2...
program 3 GL_VALIDATE_STATUS = GL_TRUE
creating shader from vs_light.glsl...
shader compiled. index 1
creating shader from fs-spotlight.glsl...
shader compiled. index 2
created programme 3. attaching shaders 1 and 2...
program 3 GL_VALIDATE_STATUS = GL_TRUE
creating shader from vs_light.glsl...
shader compiled. index 1
creating shader from fs-toon.glsl...
shader compiled. index 2
created programme 3. attaching shaders 1 and 2...
program 3 GL_VALIDATE_STATUS = GL_TRUE
creating shader from vs_light.glsl...
shader compiled. index 1
creating shader from fs-toon.glsl...
shader compiled. index 2
created programme 3. attaching shaders 1 and 2...
program 3 GL_VALIDATE_STATUS = GL_TRUE
creating shader from vs_light.glsl...
shader compiled. index 1
creating shader from fs-toon.glsl...
shader compiled. index 2
created programme 3. attaching shaders 1 and 2...
program 3 GL_VALIDATE_STATUS = GL_TRUE
creating shader from vs_light.glsl...
shader compiled. index 1
creating shader from fs-toon.glsl...
shader compiled. index 2
created programme 3. attaching shaders 1 and 2...
program 3 GL_VALIDATE_STATUS = GL_TRUE
creating shader from vs_light.glsl...
shader compiled. index 1
creating shader from fs-toon.glsl...
shader compiled. index 2
created programme 3. attaching shaders 1 and 2...
program 3 GL_VALIDATE_STATUS = GL_TRUE
creating shader from vs_light.glsl...
shader compiled. index 1
creating shader from fs-toon.glsl...
shader compiled. index 2
created programme 3. attaching shaders 1 and 2...
program 3 GL_VALIDATE_STATUS = GL_TRUE
creating shader from vs_light.glsl...
shader compiled. index 1
creating shader from fs-toon.glsl...
shader compiled. index 2
created programme 3. attaching shaders 1 and 2...
program 3 GL_VALIDATE_STATUS = GL_TRUE
creating shader from vs_light.glsl...
shader compiled. index 1
creating shader from fs-toon.glsl...
shader compiled. index 2
created programme 3. attaching shaders 1 and 2...
program 3 GL_VALIDATE_STATUS = GL_TRUE
creating shader from vs_light.glsl...
shader compiled. index 1
creating shader from fs-toon.glsl...
shader compiled. index 2
created programme 3. attaching shaders 1 and 2...
program 3 GL_VALIDATE_STATUS = GL_TRUE
creating shader from vs_light.glsl...
shader compiled. index 1
creating shader from fs-toon.glsl...
shader compiled. index 2
created programme 3. attaching shaders 1 and 2...
program 3 GL_VALIDATE_STATUS = GL_TRUE
creating shader from vs_light.glsl...
shader compiled. index 1
creating shader from fs-toon.glsl...
shader compiled. index 2
created programme 3. attaching shaders 1 and 2...
program 3 GL_VALIDATE_STATUS = GL_TRUE
creating shader from vs_light.glsl...
shader compiled. index 1
creating shader from fs-toon.glsl...
shader compiled. index 2
created programme 3. attaching shaders 1 and 2...
program 3 GL_VALIDATE_STATUS = GL_TRUE
creating shader from vs_light.glsl...
shader compiled. index 1
creating shader from fs-toon.glsl...
shader compiled. index 2
created programme 3. attaching shaders 1 and 2...
program 3 GL_VALIDATE_STATUS = GL_TRUE
creating shader from vs_light.glsl...
shader compiled. index 1
creating shader from fs-toon.glsl...
shader compiled. index 2
created programme 3. attaching shaders 1 and 2...
program 3 GL_VALIDATE_STATUS = GL_TRUE
creating shader from vs_light.glsl...
shader compiled. index 1
creating shader from fs-toon.glsl...
shader compiled. index 2
created programme 3. attaching shaders 1 and 2...
program 3 GL_VALIDATE_STATUS = GL_TRUE
creating shader from vs_light.glsl...
shader compiled. index 1
creating shader from fs-toon.glsl...
shader compiled. index 2
created programme 3. attaching shaders 1 and 2...
program 3 GL_VALIDATE_STATUS = GL_TRUE
creating shader from vs_light.glsl...
shader compiled. index 1
creating shader from fs-toon.glsl...
shader compiled. index 2
created programme 3. attaching shaders 1 and 2...
program 3 GL_VALIDATE_STATUS = GL_TRUE
creating shader from vs_light.glsl...
shader compiled. index 1
creating shader from fs-toon.glsl...
shader compiled. index 2
created programme 3. attaching shaders 1 and 2...
program 3 GL_VALIDATE_STATUS = GL_TRUE
creating shader from vs_light.glsl...
shader compiled. index 1
creating shader from fs-toon.glsl...
shader compiled. index 2
created programme 3. attaching shaders 1 and 2...
program 3 GL_VALIDATE_STATUS = GL_TRUE
creating shader from vs_light.glsl...
shader compiled. index 1
creating shader from fs-toon.glsl...
shader compiled. index 2
created programme 3. attaching shaders 1 and 2...
program 3 GL_VALIDATE_STATUS = GL_TRUE
